<?xml version="1.0" encoding="UTF-8"?>
<!-- Generated by org.testng.reporters.JUnitXMLReporter -->
<testsuite ignored="0" hostname="LAPTOP-7MDQ4GKG" failures="1" tests="1" name="OPDReg Validation" time="24.654" errors="0" timestamp="17 Jan 2021 12:46:40 GMT">
  <testcase classname="testSuite.OPDRegTest" name="OutpatientVisitsLinkDisplayed" time="15.27">
    <failure type="java.lang.AssertionError" message="expected [true] but found [false]">
      <![CDATA[java.lang.AssertionError: expected [true] but found [false]
at testSuite.OPDRegTest.OutpatientVisitsLinkDisplayed(OPDRegTest.java:58)
... Removed 29 stack frames]]>
    </failure>
  </testcase> <!-- OutpatientVisitsLinkDisplayed -->
</testsuite> <!-- OPDReg Validation -->
