<?xml version="1.0" encoding="UTF-8"?>
<!-- Generated by org.testng.reporters.JUnitXMLReporter -->
<testsuite ignored="0" hostname="LAPTOP-7MDQ4GKG" failures="1" tests="1" name="OPDReg Validation" time="15.804" errors="0" timestamp="2021-01-17T18:24:15 IST">
  <testcase classname="testSuite.OPDRegTest" name="OutpatientVisitsLinkDisplayed" time="7.201">
    <failure type="java.lang.AssertionError" message="expected [true] but found [false]">
      <![CDATA[java.lang.AssertionError: expected [true] but found [false]
at testSuite.OPDRegTest.OutpatientVisitsLinkDisplayed(OPDRegTest.java:58)
at java.base/java.util.ArrayList.forEach(ArrayList.java:1378)
... Removed 35 stack frames]]>
    </failure>
  </testcase> <!-- OutpatientVisitsLinkDisplayed -->
</testsuite> <!-- OPDReg Validation -->
